<?xml version="1.0" encoding="UTF-8"?>
<testng-results ignored="0" total="2" passed="2" failed="0" skipped="0">
  <reporter-output>
  </reporter-output>
  <suite started-at="2021-10-03T11:38:33 IST" name="Surefire suite" finished-at="2021-10-03T11:38:33 IST" duration-ms="90">
    <groups>
    </groups>
    <test started-at="2021-10-03T11:38:33 IST" name="Surefire test" finished-at="2021-10-03T11:38:33 IST" duration-ms="90">
      <class name="mavenbegginer.newmaven.APITest">
        <test-method signature="test2()[pri:0, instance:mavenbegginer.newmaven.APITest@5123a213]" started-at="2021-10-03T11:38:33 IST" name="test2" finished-at="2021-10-03T11:38:33 IST" duration-ms="26" status="PASS">
          <reporter-output>
          </reporter-output>
        </test-method> <!-- test2 -->
      </class> <!-- mavenbegginer.newmaven.APITest -->
      <class name="SeleniumTest">
        <test-method signature="test1()[pri:0, instance:SeleniumTest@15b3e5b]" started-at="2021-10-03T11:38:33 IST" name="test1" finished-at="2021-10-03T11:38:33 IST" duration-ms="1" status="PASS">
          <reporter-output>
          </reporter-output>
        </test-method> <!-- test1 -->
      </class> <!-- SeleniumTest -->
    </test> <!-- Surefire test -->
  </suite> <!-- Surefire suite -->
</testng-results>
